<?xml version="1.0" encoding="UTF-8"?>
<!-- Generated by org.testng.reporters.JUnitReportReporter -->
<testsuite hostname="ELW3174" failures="0" tests="1" name="VtigerApp.A1_CreateOrganizationTest" time="15.995" errors="0" timestamp="2025-03-06T16:55:25 IST" skipped="0">
  <testcase classname="VtigerApp.A1_CreateOrganizationTest" name="a1_CreateOrganizationTest" time="15.995"/>
  <system-out/>
</testsuite> <!-- VtigerApp.A1_CreateOrganizationTest -->
