<?xml version="1.0" encoding="UTF-8"?>
<!-- Generated by org.testng.reporters.JUnitReportReporter -->
<testsuite hostname="ELW3174" failures="0" tests="1" name="VtigerApp.A5_CreateProductAndDeleteTest" time="16.113" errors="0" timestamp="2025-03-06T19:15:10 IST" skipped="0">
  <testcase classname="VtigerApp.A5_CreateProductAndDeleteTest" name="A5_CreateProductAndDelete" time="16.113"/>
  <system-out/>
</testsuite> <!-- VtigerApp.A5_CreateProductAndDeleteTest -->
