<?xml version="1.0" encoding="UTF-8"?>
<!-- Generated by org.testng.reporters.JUnitReportReporter -->
<testsuite hostname="ELW3174" failures="0" tests="3" name="VtigerApp.A2_CreateCampaignTest" time="26.521" errors="0" timestamp="2025-03-06T16:56:56 IST" skipped="0">
  <testcase classname="VtigerApp.A2_CreateCampaignTest" name="m2" time="6.934"/>
  <system-out/>
  <testcase classname="VtigerApp.A2_CreateCampaignTest" name="m3" time="6.225"/>
  <system-out/>
  <testcase classname="VtigerApp.A2_CreateCampaignTest" name="A2_CreateCampaignTest" time="13.362"/>
  <system-out/>
</testsuite> <!-- VtigerApp.A2_CreateCampaignTest -->
