<?xml version="1.0" encoding="UTF-8"?>
<!-- Generated by org.testng.reporters.JUnitReportReporter -->
<testsuite hostname="ELW3174" failures="0" tests="1" name="VtigerApp.A3_CreateProductNameTest" time="20.058" errors="0" timestamp="2025-03-06T17:30:00 IST" skipped="0">
  <testcase classname="VtigerApp.A3_CreateProductNameTest" name="A3_CreateProductNameTest" time="20.058"/>
  <system-out/>
</testsuite> <!-- VtigerApp.A3_CreateProductNameTest -->
