<?xml version="1.0" encoding="UTF-8"?>
<!-- Generated by org.testng.reporters.JUnitReportReporter -->
<testsuite hostname="ELW3174" failures="0" tests="3" name="VtigerApp.A4_CreateCampaignWithProductTest" time="35.524" errors="0" timestamp="2025-03-06T19:11:30 IST" skipped="0">
  <testcase classname="VtigerApp.A4_CreateCampaignWithProductTest" name="testGroupingRR" time="6.132"/>
  <system-out/>
  <testcase classname="VtigerApp.A4_CreateCampaignWithProductTest" name="testWithoutGroupingRR" time="4.048"/>
  <system-out/>
  <testcase classname="VtigerApp.A4_CreateCampaignWithProductTest" name="A4_CreateCampaignWithProductTest" time="25.344"/>
  <system-out/>
</testsuite> <!-- VtigerApp.A4_CreateCampaignWithProductTest -->
