<?xml version="1.0" encoding="UTF-8"?>
<!-- Generated by org.testng.reporters.JUnitReportReporter -->
<testsuite hostname="ELW3174" failures="0" tests="3" name="TestNG.DataProviderEx2" time="36.070" errors="0" timestamp="2025-02-22T02:44:20 IST" skipped="0">
  <testcase classname="TestNG.DataProviderEx2" name="CreateOrganization" time="11.743"/>
  <testcase classname="TestNG.DataProviderEx2" name="CreateOrganization" time="12.534"/>
  <testcase classname="TestNG.DataProviderEx2" name="CreateOrganization" time="11.793"/>
</testsuite> <!-- TestNG.DataProviderEx2 -->
