<?xml version="1.0" encoding="UTF-8"?>
<!-- Generated by org.testng.reporters.JUnitReportReporter -->
<testsuite hostname="ELW3174" failures="0" tests="3" name="TestNG.DataProviderEx1" time="0.013" errors="0" timestamp="2025-02-22T02:44:20 IST" skipped="0">
  <testcase classname="TestNG.DataProviderEx1" name="bookTicket" time="0.002"/>
  <testcase classname="TestNG.DataProviderEx1" name="bookTicket" time="0.002"/>
  <testcase classname="TestNG.DataProviderEx1" name="bookTicket" time="0.009"/>
</testsuite> <!-- TestNG.DataProviderEx1 -->
