<?xml version="1.0" encoding="UTF-8"?>
<!-- Generated by org.testng.reporters.JUnitReportReporter -->
<testsuite hostname="ELW3174" failures="0" tests="6" name="TestNG.SampleTest" time="0.006" errors="0" timestamp="2025-02-22T02:44:20 IST" skipped="1">
  <testcase classname="TestNG.SampleTest" name="createProd" time="0.001"/>
  <testcase classname="TestNG.SampleTest" name="createProd" time="0.001"/>
  <testcase classname="TestNG.SampleTest" name="prodModified" time="0.001"/>
  <testcase classname="TestNG.SampleTest" name="prodModified" time="0.002"/>
  <testcase classname="TestNG.SampleTest" name="prodDeleted" time="0.001"/>
  <testcase classname="TestNG.SampleTest" name="reAdd">
    <skipped/>
  </testcase> <!-- reAdd -->
</testsuite> <!-- TestNG.SampleTest -->
